2018-07-17 11:09:56,892 [Worker-3: Loading available Gradle versions] INFO  c.g.t.t.d.PublishedGradleVersions - Gradle version information cache is not available. Remote download required.
2018-07-17 11:21:23,151 [Worker-6: Creating project "MavenDemo"] INFO  o.e.m.c.i.l.LifecycleMappingFactory - Using org.eclipse.m2e.jdt.JarLifecycleMapping lifecycle mapping for MavenProject: MavenDemo:MavenDemo:0.0.1-SNAPSHOT @ /Users/shahgeorge/eclipse-workspace/MavenDemo/pom.xml.
2018-07-17 11:21:23,447 [Worker-6: Creating project "MavenDemo"] INFO  o.e.m.j.i.AbstractJavaProjectConfigurator - Adding source folder /MavenDemo/src/main/java
2018-07-17 11:21:23,449 [Worker-6: Creating project "MavenDemo"] INFO  o.e.m.j.i.AbstractJavaProjectConfigurator - Adding resource folder /MavenDemo/src/main/resources
2018-07-17 11:21:23,450 [Worker-6: Creating project "MavenDemo"] INFO  o.e.m.j.i.AbstractJavaProjectConfigurator - Adding source folder /MavenDemo/src/test/java
2018-07-17 11:21:23,450 [Worker-6: Creating project "MavenDemo"] INFO  o.e.m.j.i.AbstractJavaProjectConfigurator - Adding resource folder /MavenDemo/src/test/resources
2018-07-17 11:21:32,602 [Worker-6: Building workspace] WARN  o.e.m.c.i.embedder.EclipseLogger - Using platform encoding (UTF-8 actually) to copy filtered resources, i.e. build is platform dependent!
2018-07-17 11:21:32,617 [Worker-6: Building workspace] INFO  o.e.m.c.i.embedder.EclipseLogger - Copying 0 resource
2018-07-17 11:21:32,621 [Worker-6: Building workspace] WARN  o.e.m.c.i.embedder.EclipseLogger - Using platform encoding (UTF-8 actually) to copy filtered resources, i.e. build is platform dependent!
2018-07-17 11:21:32,623 [Worker-6: Building workspace] INFO  o.e.m.c.i.embedder.EclipseLogger - Copying 0 resource
2018-07-17 11:22:53,016 [Worker-19: Building workspace] INFO  o.e.m.c.i.l.LifecycleMappingFactory - Using org.eclipse.m2e.jdt.JarLifecycleMapping lifecycle mapping for MavenProject: MavenDemo:MavenDemo:0.0.1-SNAPSHOT @ /Users/shahgeorge/eclipse-workspace/MavenDemo/pom.xml.
2018-07-17 11:22:53,580 [Worker-19: Building workspace] WARN  o.e.m.c.i.embedder.EclipseLogger - Using platform encoding (UTF-8 actually) to copy filtered resources, i.e. build is platform dependent!
2018-07-17 11:22:53,590 [Worker-19: Building workspace] INFO  o.e.m.c.i.embedder.EclipseLogger - Copying 0 resource
2018-07-17 11:22:53,595 [Worker-19: Building workspace] WARN  o.e.m.c.i.embedder.EclipseLogger - Using platform encoding (UTF-8 actually) to copy filtered resources, i.e. build is platform dependent!
2018-07-17 11:22:53,596 [Worker-19: Building workspace] INFO  o.e.m.c.i.embedder.EclipseLogger - Copying 0 resource
2018-07-17 11:22:57,354 [Worker-19: Download sources and javadoc] INFO  o.e.m.c.i.e.AbstractTransferListenerAdapter - Downloading https://repo.maven.apache.org/maven2/org/seleniumhq/selenium/selenium-java/3.13.0/selenium-java-3.13.0-sources.jar
2018-07-17 11:22:57,404 [Worker-19: Download sources and javadoc] INFO  o.e.m.c.i.e.AbstractTransferListenerAdapter - Downloaded https://repo.maven.apache.org/maven2/org/seleniumhq/selenium/selenium-java/3.13.0/selenium-java-3.13.0-sources.jar
2018-07-17 11:22:57,441 [Worker-19: Download sources and javadoc] INFO  o.e.m.j.internal.DownloadSourcesJob - Downloaded sources for org.seleniumhq.selenium:selenium-java:3.13.0
2018-07-17 11:22:57,490 [Worker-19: Download sources and javadoc] INFO  o.e.m.c.i.e.AbstractTransferListenerAdapter - Downloading https://repo.maven.apache.org/maven2/org/seleniumhq/selenium/selenium-api/3.13.0/selenium-api-3.13.0-sources.jar
2018-07-17 11:22:57,733 [Worker-19: Download sources and javadoc] INFO  o.e.m.c.i.e.AbstractTransferListenerAdapter - Downloaded https://repo.maven.apache.org/maven2/org/seleniumhq/selenium/selenium-api/3.13.0/selenium-api-3.13.0-sources.jar
2018-07-17 11:22:57,779 [Worker-19: Download sources and javadoc] INFO  o.e.m.j.internal.DownloadSourcesJob - Downloaded sources for org.seleniumhq.selenium:selenium-api:3.13.0
2018-07-17 11:22:57,830 [Worker-19: Download sources and javadoc] INFO  o.e.m.c.i.e.AbstractTransferListenerAdapter - Downloading https://repo.maven.apache.org/maven2/org/seleniumhq/selenium/selenium-chrome-driver/3.13.0/selenium-chrome-driver-3.13.0-sources.jar
2018-07-17 11:22:57,884 [Worker-19: Download sources and javadoc] INFO  o.e.m.c.i.e.AbstractTransferListenerAdapter - Downloaded https://repo.maven.apache.org/maven2/org/seleniumhq/selenium/selenium-chrome-driver/3.13.0/selenium-chrome-driver-3.13.0-sources.jar
2018-07-17 11:22:57,909 [Worker-19: Download sources and javadoc] INFO  o.e.m.j.internal.DownloadSourcesJob - Downloaded sources for org.seleniumhq.selenium:selenium-chrome-driver:3.13.0
2018-07-17 11:22:57,959 [Worker-19: Download sources and javadoc] INFO  o.e.m.c.i.e.AbstractTransferListenerAdapter - Downloading https://repo.maven.apache.org/maven2/org/seleniumhq/selenium/selenium-edge-driver/3.13.0/selenium-edge-driver-3.13.0-sources.jar
2018-07-17 11:22:58,008 [Worker-19: Download sources and javadoc] INFO  o.e.m.c.i.e.AbstractTransferListenerAdapter - Downloaded https://repo.maven.apache.org/maven2/org/seleniumhq/selenium/selenium-edge-driver/3.13.0/selenium-edge-driver-3.13.0-sources.jar
2018-07-17 11:22:58,033 [Worker-19: Download sources and javadoc] INFO  o.e.m.j.internal.DownloadSourcesJob - Downloaded sources for org.seleniumhq.selenium:selenium-edge-driver:3.13.0
2018-07-17 11:22:58,082 [Worker-19: Download sources and javadoc] INFO  o.e.m.c.i.e.AbstractTransferListenerAdapter - Downloading https://repo.maven.apache.org/maven2/org/seleniumhq/selenium/selenium-firefox-driver/3.13.0/selenium-firefox-driver-3.13.0-sources.jar
2018-07-17 11:22:58,156 [Worker-19: Download sources and javadoc] INFO  o.e.m.c.i.e.AbstractTransferListenerAdapter - Downloaded https://repo.maven.apache.org/maven2/org/seleniumhq/selenium/selenium-firefox-driver/3.13.0/selenium-firefox-driver-3.13.0-sources.jar
2018-07-17 11:22:58,188 [Worker-19: Download sources and javadoc] INFO  o.e.m.j.internal.DownloadSourcesJob - Downloaded sources for org.seleniumhq.selenium:selenium-firefox-driver:3.13.0
2018-07-17 11:22:58,234 [Worker-19: Download sources and javadoc] INFO  o.e.m.c.i.e.AbstractTransferListenerAdapter - Downloading https://repo.maven.apache.org/maven2/org/seleniumhq/selenium/selenium-ie-driver/3.13.0/selenium-ie-driver-3.13.0-sources.jar
2018-07-17 11:22:58,321 [Worker-19: Download sources and javadoc] INFO  o.e.m.c.i.e.AbstractTransferListenerAdapter - Downloaded https://repo.maven.apache.org/maven2/org/seleniumhq/selenium/selenium-ie-driver/3.13.0/selenium-ie-driver-3.13.0-sources.jar
2018-07-17 11:22:58,343 [Worker-19: Download sources and javadoc] INFO  o.e.m.j.internal.DownloadSourcesJob - Downloaded sources for org.seleniumhq.selenium:selenium-ie-driver:3.13.0
2018-07-17 11:22:58,394 [Worker-19: Download sources and javadoc] INFO  o.e.m.c.i.e.AbstractTransferListenerAdapter - Downloading https://repo.maven.apache.org/maven2/org/seleniumhq/selenium/selenium-opera-driver/3.13.0/selenium-opera-driver-3.13.0-sources.jar
2018-07-17 11:22:58,444 [Worker-19: Download sources and javadoc] INFO  o.e.m.c.i.e.AbstractTransferListenerAdapter - Downloaded https://repo.maven.apache.org/maven2/org/seleniumhq/selenium/selenium-opera-driver/3.13.0/selenium-opera-driver-3.13.0-sources.jar
2018-07-17 11:22:58,475 [Worker-19: Download sources and javadoc] INFO  o.e.m.j.internal.DownloadSourcesJob - Downloaded sources for org.seleniumhq.selenium:selenium-opera-driver:3.13.0
2018-07-17 11:22:58,546 [Worker-19: Download sources and javadoc] INFO  o.e.m.c.i.e.AbstractTransferListenerAdapter - Downloading https://repo.maven.apache.org/maven2/org/seleniumhq/selenium/selenium-remote-driver/3.13.0/selenium-remote-driver-3.13.0-sources.jar
2018-07-17 11:22:58,931 [Worker-19: Download sources and javadoc] INFO  o.e.m.c.i.e.AbstractTransferListenerAdapter - Downloaded https://repo.maven.apache.org/maven2/org/seleniumhq/selenium/selenium-remote-driver/3.13.0/selenium-remote-driver-3.13.0-sources.jar
2018-07-17 11:22:59,033 [Worker-19: Download sources and javadoc] INFO  o.e.m.j.internal.DownloadSourcesJob - Downloaded sources for org.seleniumhq.selenium:selenium-remote-driver:3.13.0
2018-07-17 11:22:59,083 [Worker-19: Download sources and javadoc] INFO  o.e.m.c.i.e.AbstractTransferListenerAdapter - Downloading https://repo.maven.apache.org/maven2/org/seleniumhq/selenium/selenium-safari-driver/3.13.0/selenium-safari-driver-3.13.0-sources.jar
2018-07-17 11:22:59,134 [Worker-19: Download sources and javadoc] INFO  o.e.m.c.i.e.AbstractTransferListenerAdapter - Downloaded https://repo.maven.apache.org/maven2/org/seleniumhq/selenium/selenium-safari-driver/3.13.0/selenium-safari-driver-3.13.0-sources.jar
2018-07-17 11:22:59,155 [Worker-19: Download sources and javadoc] INFO  o.e.m.j.internal.DownloadSourcesJob - Downloaded sources for org.seleniumhq.selenium:selenium-safari-driver:3.13.0
2018-07-17 11:22:59,203 [Worker-19: Download sources and javadoc] INFO  o.e.m.c.i.e.AbstractTransferListenerAdapter - Downloading https://repo.maven.apache.org/maven2/org/seleniumhq/selenium/selenium-support/3.13.0/selenium-support-3.13.0-sources.jar
2018-07-17 11:22:59,320 [Worker-19: Download sources and javadoc] INFO  o.e.m.c.i.e.AbstractTransferListenerAdapter - Downloaded https://repo.maven.apache.org/maven2/org/seleniumhq/selenium/selenium-support/3.13.0/selenium-support-3.13.0-sources.jar
2018-07-17 11:22:59,354 [Worker-19: Download sources and javadoc] INFO  o.e.m.j.internal.DownloadSourcesJob - Downloaded sources for org.seleniumhq.selenium:selenium-support:3.13.0
2018-07-17 11:22:59,409 [Worker-19: Download sources and javadoc] INFO  o.e.m.c.i.e.AbstractTransferListenerAdapter - Downloading https://repo.maven.apache.org/maven2/net/bytebuddy/byte-buddy/1.8.3/byte-buddy-1.8.3-sources.jar
2018-07-17 11:23:01,047 [Worker-19: Download sources and javadoc] INFO  o.e.m.c.i.e.AbstractTransferListenerAdapter - Downloaded https://repo.maven.apache.org/maven2/net/bytebuddy/byte-buddy/1.8.3/byte-buddy-1.8.3-sources.jar
2018-07-17 11:23:01,323 [Worker-19: Download sources and javadoc] INFO  o.e.m.j.internal.DownloadSourcesJob - Downloaded sources for net.bytebuddy:byte-buddy:1.8.3
2018-07-17 11:23:01,378 [Worker-19: Download sources and javadoc] INFO  o.e.m.c.i.e.AbstractTransferListenerAdapter - Downloading https://repo.maven.apache.org/maven2/com/google/code/gson/gson/2.8.4/gson-2.8.4-sources.jar
2018-07-17 11:23:01,612 [Worker-19: Download sources and javadoc] INFO  o.e.m.c.i.e.AbstractTransferListenerAdapter - Downloaded https://repo.maven.apache.org/maven2/com/google/code/gson/gson/2.8.4/gson-2.8.4-sources.jar
2018-07-17 11:23:01,687 [Worker-19: Download sources and javadoc] INFO  o.e.m.j.internal.DownloadSourcesJob - Downloaded sources for com.google.code.gson:gson:2.8.4
2018-07-17 11:23:01,763 [Worker-19: Download sources and javadoc] INFO  o.e.m.c.i.e.AbstractTransferListenerAdapter - Downloading https://repo.maven.apache.org/maven2/com/google/guava/guava/25.0-jre/guava-25.0-jre-sources.jar
2018-07-17 11:23:04,153 [Worker-19: Download sources and javadoc] INFO  o.e.m.c.i.e.AbstractTransferListenerAdapter - Downloaded https://repo.maven.apache.org/maven2/com/google/guava/guava/25.0-jre/guava-25.0-jre-sources.jar
2018-07-17 11:23:04,495 [Worker-19: Download sources and javadoc] INFO  o.e.m.j.internal.DownloadSourcesJob - Downloaded sources for com.google.guava:guava:25.0-jre
2018-07-17 11:23:04,516 [Worker-19: Download sources and javadoc] ERROR o.e.m.j.internal.DownloadSourcesJob - Could not download sources for com.google.code.findbugs:jsr305:1.3.9
org.eclipse.core.runtime.CoreException: Could not resolve artifact com.google.code.findbugs:jsr305:jar:sources:1.3.9
	at org.eclipse.m2e.core.internal.embedder.MavenImpl$5.call(MavenImpl.java:776) ~[org.eclipse.m2e.core_1.9.0.20180606-2036.jar:na]
	at org.eclipse.m2e.core.internal.embedder.MavenImpl$5.call(MavenImpl.java:1) ~[org.eclipse.m2e.core_1.9.0.20180606-2036.jar:na]
	at org.eclipse.m2e.core.internal.embedder.MavenExecutionContext.executeBare(MavenExecutionContext.java:177) [org.eclipse.m2e.core_1.9.0.20180606-2036.jar:na]
	at org.eclipse.m2e.core.internal.embedder.MavenExecutionContext.execute(MavenExecutionContext.java:112) [org.eclipse.m2e.core_1.9.0.20180606-2036.jar:na]
	at org.eclipse.m2e.core.internal.embedder.MavenExecutionContext.execute(MavenExecutionContext.java:99) [org.eclipse.m2e.core_1.9.0.20180606-2036.jar:na]
	at org.eclipse.m2e.core.internal.embedder.MavenImpl.resolve(MavenImpl.java:743) [org.eclipse.m2e.core_1.9.0.20180606-2036.jar:na]
	at org.eclipse.m2e.core.internal.embedder.MavenImpl.resolve(MavenImpl.java:720) [org.eclipse.m2e.core_1.9.0.20180606-2036.jar:na]
	at org.eclipse.m2e.jdt.internal.DownloadSourcesJob.download(DownloadSourcesJob.java:279) [org.eclipse.m2e.jdt_1.9.0.20180606-2036.jar:na]
	at org.eclipse.m2e.jdt.internal.DownloadSourcesJob.downloadAttachments(DownloadSourcesJob.java:254) [org.eclipse.m2e.jdt_1.9.0.20180606-2036.jar:na]
	at org.eclipse.m2e.jdt.internal.DownloadSourcesJob.downloadMaven(DownloadSourcesJob.java:221) [org.eclipse.m2e.jdt_1.9.0.20180606-2036.jar:na]
	at org.eclipse.m2e.jdt.internal.DownloadSourcesJob.run(DownloadSourcesJob.java:161) [org.eclipse.m2e.jdt_1.9.0.20180606-2036.jar:na]
	at org.eclipse.m2e.jdt.internal.DownloadSourcesJob$1.call(DownloadSourcesJob.java:137) [org.eclipse.m2e.jdt_1.9.0.20180606-2036.jar:na]
	at org.eclipse.m2e.jdt.internal.DownloadSourcesJob$1.call(DownloadSourcesJob.java:1) [org.eclipse.m2e.jdt_1.9.0.20180606-2036.jar:na]
	at org.eclipse.m2e.core.internal.embedder.MavenExecutionContext.executeBare(MavenExecutionContext.java:177) [org.eclipse.m2e.core_1.9.0.20180606-2036.jar:na]
	at org.eclipse.m2e.core.internal.embedder.MavenExecutionContext.execute(MavenExecutionContext.java:151) [org.eclipse.m2e.core_1.9.0.20180606-2036.jar:na]
	at org.eclipse.m2e.core.internal.embedder.MavenExecutionContext.execute(MavenExecutionContext.java:99) [org.eclipse.m2e.core_1.9.0.20180606-2036.jar:na]
	at org.eclipse.m2e.core.internal.embedder.MavenImpl.execute(MavenImpl.java:1355) [org.eclipse.m2e.core_1.9.0.20180606-2036.jar:na]
	at org.eclipse.m2e.jdt.internal.DownloadSourcesJob.run(DownloadSourcesJob.java:135) [org.eclipse.m2e.jdt_1.9.0.20180606-2036.jar:na]
	at org.eclipse.core.internal.jobs.Worker.run(Worker.java:60) [org.eclipse.core.jobs_3.10.0.v20180427-1454.jar:na]
2018-07-17 11:23:04,598 [Worker-19: Download sources and javadoc] INFO  o.e.m.c.i.e.AbstractTransferListenerAdapter - Downloading https://repo.maven.apache.org/maven2/org/apache/httpcomponents/httpclient/4.5.5/httpclient-4.5.5-sources.jar
2018-07-17 11:23:05,741 [Worker-19: Download sources and javadoc] INFO  o.e.m.c.i.e.AbstractTransferListenerAdapter - Downloaded https://repo.maven.apache.org/maven2/org/apache/httpcomponents/httpclient/4.5.5/httpclient-4.5.5-sources.jar
2018-07-17 11:23:05,950 [Worker-19: Download sources and javadoc] INFO  o.e.m.j.internal.DownloadSourcesJob - Downloaded sources for org.apache.httpcomponents:httpclient:4.5.5
2018-07-17 11:23:06,004 [Worker-19: Download sources and javadoc] INFO  o.e.m.c.i.e.AbstractTransferListenerAdapter - Downloading https://repo.maven.apache.org/maven2/org/apache/httpcomponents/httpcore/4.4.9/httpcore-4.4.9-sources.jar
2018-07-17 11:23:06,659 [Worker-19: Download sources and javadoc] INFO  o.e.m.c.i.e.AbstractTransferListenerAdapter - Downloaded https://repo.maven.apache.org/maven2/org/apache/httpcomponents/httpcore/4.4.9/httpcore-4.4.9-sources.jar
2018-07-17 11:23:06,813 [Worker-19: Download sources and javadoc] INFO  o.e.m.j.internal.DownloadSourcesJob - Downloaded sources for org.apache.httpcomponents:httpcore:4.4.9
2018-07-17 11:23:06,869 [Worker-19: Download sources and javadoc] INFO  o.e.m.c.i.e.AbstractTransferListenerAdapter - Downloading https://repo.maven.apache.org/maven2/com/squareup/okhttp3/okhttp/3.10.0/okhttp-3.10.0-sources.jar
2018-07-17 11:23:07,324 [Worker-19: Download sources and javadoc] INFO  o.e.m.c.i.e.AbstractTransferListenerAdapter - Downloaded https://repo.maven.apache.org/maven2/com/squareup/okhttp3/okhttp/3.10.0/okhttp-3.10.0-sources.jar
2018-07-17 11:23:07,403 [Worker-19: Download sources and javadoc] INFO  o.e.m.j.internal.DownloadSourcesJob - Downloaded sources for com.squareup.okhttp3:okhttp:3.10.0
2018-07-17 11:23:07,458 [Worker-19: Download sources and javadoc] INFO  o.e.m.c.i.e.AbstractTransferListenerAdapter - Downloading https://repo.maven.apache.org/maven2/com/squareup/okio/okio/1.14.1/okio-1.14.1-sources.jar
2018-07-17 11:23:07,572 [Worker-19: Download sources and javadoc] INFO  o.e.m.c.i.e.AbstractTransferListenerAdapter - Downloaded https://repo.maven.apache.org/maven2/com/squareup/okio/okio/1.14.1/okio-1.14.1-sources.jar
2018-07-17 11:23:07,609 [Worker-19: Download sources and javadoc] INFO  o.e.m.j.internal.DownloadSourcesJob - Downloaded sources for com.squareup.okio:okio:1.14.1
2018-07-17 11:23:07,668 [Worker-19: Download sources and javadoc] INFO  o.e.m.c.i.e.AbstractTransferListenerAdapter - Downloading https://repo.maven.apache.org/maven2/org/testng/testng/6.14.3/testng-6.14.3-sources.jar
2018-07-17 11:23:08,636 [Worker-19: Download sources and javadoc] INFO  o.e.m.c.i.e.AbstractTransferListenerAdapter - Downloaded https://repo.maven.apache.org/maven2/org/testng/testng/6.14.3/testng-6.14.3-sources.jar
2018-07-17 11:23:08,827 [Worker-19: Download sources and javadoc] INFO  o.e.m.j.internal.DownloadSourcesJob - Downloaded sources for org.testng:testng:6.14.3
2018-07-17 11:23:08,881 [Worker-19: Download sources and javadoc] INFO  o.e.m.c.i.e.AbstractTransferListenerAdapter - Downloading https://repo.maven.apache.org/maven2/com/beust/jcommander/1.72/jcommander-1.72-sources.jar
2018-07-17 11:23:08,985 [Worker-19: Download sources and javadoc] INFO  o.e.m.c.i.e.AbstractTransferListenerAdapter - Downloaded https://repo.maven.apache.org/maven2/com/beust/jcommander/1.72/jcommander-1.72-sources.jar
2018-07-17 11:23:09,023 [Worker-19: Download sources and javadoc] INFO  o.e.m.j.internal.DownloadSourcesJob - Downloaded sources for com.beust:jcommander:1.72
2018-07-17 11:23:09,082 [Worker-19: Download sources and javadoc] INFO  o.e.m.c.i.e.AbstractTransferListenerAdapter - Downloading https://repo.maven.apache.org/maven2/org/apache-extras/beanshell/bsh/2.0b6/bsh-2.0b6-sources.jar
2018-07-17 11:23:09,522 [Worker-19: Download sources and javadoc] INFO  o.e.m.c.i.e.AbstractTransferListenerAdapter - Downloaded https://repo.maven.apache.org/maven2/org/apache-extras/beanshell/bsh/2.0b6/bsh-2.0b6-sources.jar
2018-07-17 11:23:09,604 [Worker-19: Download sources and javadoc] INFO  o.e.m.j.internal.DownloadSourcesJob - Downloaded sources for org.apache-extras.beanshell:bsh:2.0b6
2018-07-17 11:23:09,815 [Worker-18: Building workspace] WARN  o.e.m.c.i.embedder.EclipseLogger - Using platform encoding (UTF-8 actually) to copy filtered resources, i.e. build is platform dependent!
2018-07-17 11:23:09,823 [Worker-18: Building workspace] INFO  o.e.m.c.i.embedder.EclipseLogger - Copying 0 resource
2018-07-17 11:23:09,824 [Worker-18: Building workspace] WARN  o.e.m.c.i.embedder.EclipseLogger - Using platform encoding (UTF-8 actually) to copy filtered resources, i.e. build is platform dependent!
2018-07-17 11:23:09,826 [Worker-18: Building workspace] INFO  o.e.m.c.i.embedder.EclipseLogger - Copying 0 resource
2018-07-17 11:23:10,963 [Worker-19: Download sources and javadoc] INFO  o.e.m.c.i.e.AbstractTransferListenerAdapter - Downloaded https://repo.maven.apache.org/maven2/com/google/code/findbugs/jsr305/1.3.9/jsr305-1.3.9-javadoc.jar
2018-07-17 11:23:10,966 [Worker-19: Download sources and javadoc] ERROR o.e.m.j.internal.DownloadSourcesJob - Could not download javadoc for com.google.code.findbugs:jsr305:1.3.9
org.eclipse.core.runtime.CoreException: Could not resolve artifact com.google.code.findbugs:jsr305:jar:javadoc:1.3.9
	at org.eclipse.m2e.core.internal.embedder.MavenImpl$5.call(MavenImpl.java:776) ~[org.eclipse.m2e.core_1.9.0.20180606-2036.jar:na]
	at org.eclipse.m2e.core.internal.embedder.MavenImpl$5.call(MavenImpl.java:1) ~[org.eclipse.m2e.core_1.9.0.20180606-2036.jar:na]
	at org.eclipse.m2e.core.internal.embedder.MavenExecutionContext.executeBare(MavenExecutionContext.java:177) [org.eclipse.m2e.core_1.9.0.20180606-2036.jar:na]
	at org.eclipse.m2e.core.internal.embedder.MavenExecutionContext.execute(MavenExecutionContext.java:112) [org.eclipse.m2e.core_1.9.0.20180606-2036.jar:na]
	at org.eclipse.m2e.core.internal.embedder.MavenExecutionContext.execute(MavenExecutionContext.java:99) [org.eclipse.m2e.core_1.9.0.20180606-2036.jar:na]
	at org.eclipse.m2e.core.internal.embedder.MavenImpl.resolve(MavenImpl.java:743) [org.eclipse.m2e.core_1.9.0.20180606-2036.jar:na]
	at org.eclipse.m2e.core.internal.embedder.MavenImpl.resolve(MavenImpl.java:720) [org.eclipse.m2e.core_1.9.0.20180606-2036.jar:na]
	at org.eclipse.m2e.jdt.internal.DownloadSourcesJob.download(DownloadSourcesJob.java:279) [org.eclipse.m2e.jdt_1.9.0.20180606-2036.jar:na]
	at org.eclipse.m2e.jdt.internal.DownloadSourcesJob.downloadAttachments(DownloadSourcesJob.java:265) [org.eclipse.m2e.jdt_1.9.0.20180606-2036.jar:na]
	at org.eclipse.m2e.jdt.internal.DownloadSourcesJob.downloadMaven(DownloadSourcesJob.java:221) [org.eclipse.m2e.jdt_1.9.0.20180606-2036.jar:na]
	at org.eclipse.m2e.jdt.internal.DownloadSourcesJob.run(DownloadSourcesJob.java:161) [org.eclipse.m2e.jdt_1.9.0.20180606-2036.jar:na]
	at org.eclipse.m2e.jdt.internal.DownloadSourcesJob$1.call(DownloadSourcesJob.java:137) [org.eclipse.m2e.jdt_1.9.0.20180606-2036.jar:na]
	at org.eclipse.m2e.jdt.internal.DownloadSourcesJob$1.call(DownloadSourcesJob.java:1) [org.eclipse.m2e.jdt_1.9.0.20180606-2036.jar:na]
	at org.eclipse.m2e.core.internal.embedder.MavenExecutionContext.executeBare(MavenExecutionContext.java:177) [org.eclipse.m2e.core_1.9.0.20180606-2036.jar:na]
	at org.eclipse.m2e.core.internal.embedder.MavenExecutionContext.execute(MavenExecutionContext.java:151) [org.eclipse.m2e.core_1.9.0.20180606-2036.jar:na]
	at org.eclipse.m2e.core.internal.embedder.MavenExecutionContext.execute(MavenExecutionContext.java:99) [org.eclipse.m2e.core_1.9.0.20180606-2036.jar:na]
	at org.eclipse.m2e.core.internal.embedder.MavenImpl.execute(MavenImpl.java:1355) [org.eclipse.m2e.core_1.9.0.20180606-2036.jar:na]
	at org.eclipse.m2e.jdt.internal.DownloadSourcesJob.run(DownloadSourcesJob.java:135) [org.eclipse.m2e.jdt_1.9.0.20180606-2036.jar:na]
	at org.eclipse.core.internal.jobs.Worker.run(Worker.java:60) [org.eclipse.core.jobs_3.10.0.v20180427-1454.jar:na]
2018-07-17 11:23:23,176 [Worker-19: Building workspace] WARN  o.e.m.c.i.embedder.EclipseLogger - Using platform encoding (UTF-8 actually) to copy filtered resources, i.e. build is platform dependent!
2018-07-17 11:23:23,178 [Worker-19: Building workspace] INFO  o.e.m.c.i.embedder.EclipseLogger - Copying 0 resource
2018-07-17 11:23:23,179 [Worker-19: Building workspace] WARN  o.e.m.c.i.embedder.EclipseLogger - Using platform encoding (UTF-8 actually) to copy filtered resources, i.e. build is platform dependent!
2018-07-17 11:23:23,188 [Worker-19: Building workspace] INFO  o.e.m.c.i.embedder.EclipseLogger - Copying 0 resource
2018-07-17 11:23:34,903 [Worker-18: Building workspace] WARN  o.e.m.c.i.embedder.EclipseLogger - Using platform encoding (UTF-8 actually) to copy filtered resources, i.e. build is platform dependent!
2018-07-17 11:23:34,928 [Worker-18: Building workspace] INFO  o.e.m.c.i.embedder.EclipseLogger - Copying 0 resource
2018-07-17 11:23:34,930 [Worker-18: Building workspace] WARN  o.e.m.c.i.embedder.EclipseLogger - Using platform encoding (UTF-8 actually) to copy filtered resources, i.e. build is platform dependent!
2018-07-17 11:23:34,932 [Worker-18: Building workspace] INFO  o.e.m.c.i.embedder.EclipseLogger - Copying 0 resource
2018-07-17 11:23:35,960 [Worker-23: Building workspace] WARN  o.e.m.c.i.embedder.EclipseLogger - Using platform encoding (UTF-8 actually) to copy filtered resources, i.e. build is platform dependent!
2018-07-17 11:23:35,963 [Worker-23: Building workspace] INFO  o.e.m.c.i.embedder.EclipseLogger - Copying 0 resource
2018-07-17 11:23:35,965 [Worker-23: Building workspace] WARN  o.e.m.c.i.embedder.EclipseLogger - Using platform encoding (UTF-8 actually) to copy filtered resources, i.e. build is platform dependent!
2018-07-17 11:23:35,966 [Worker-23: Building workspace] INFO  o.e.m.c.i.embedder.EclipseLogger - Copying 0 resource
2018-07-17 11:25:55,469 [Worker-29: Building workspace] WARN  o.e.m.c.i.embedder.EclipseLogger - Using platform encoding (UTF-8 actually) to copy filtered resources, i.e. build is platform dependent!
2018-07-17 11:25:55,499 [Worker-29: Building workspace] INFO  o.e.m.c.i.embedder.EclipseLogger - Copying 0 resource
2018-07-17 11:25:55,501 [Worker-29: Building workspace] WARN  o.e.m.c.i.embedder.EclipseLogger - Using platform encoding (UTF-8 actually) to copy filtered resources, i.e. build is platform dependent!
2018-07-17 11:25:55,503 [Worker-29: Building workspace] INFO  o.e.m.c.i.embedder.EclipseLogger - Copying 0 resource
2018-07-17 11:26:13,831 [Worker-2: Loading available Gradle versions] INFO  c.g.t.t.d.PublishedGradleVersions - Gradle version information cache is up-to-date. Trying to read.
2018-07-17 11:26:15,763 [Worker-3: Building workspace] WARN  o.e.m.c.i.embedder.EclipseLogger - Using platform encoding (UTF-8 actually) to copy filtered resources, i.e. build is platform dependent!
2018-07-17 11:26:15,775 [Worker-3: Building workspace] INFO  o.e.m.c.i.embedder.EclipseLogger - Copying 0 resource
2018-07-17 11:26:15,778 [Worker-3: Building workspace] WARN  o.e.m.c.i.embedder.EclipseLogger - Using platform encoding (UTF-8 actually) to copy filtered resources, i.e. build is platform dependent!
2018-07-17 11:26:15,780 [Worker-3: Building workspace] INFO  o.e.m.c.i.embedder.EclipseLogger - Copying 0 resource
2018-07-17 11:28:08,202 [Worker-14: Building workspace] WARN  o.e.m.c.i.embedder.EclipseLogger - Using platform encoding (UTF-8 actually) to copy filtered resources, i.e. build is platform dependent!
2018-07-17 11:28:08,227 [Worker-14: Building workspace] INFO  o.e.m.c.i.embedder.EclipseLogger - Copying 0 resource
2018-07-17 11:28:08,229 [Worker-14: Building workspace] WARN  o.e.m.c.i.embedder.EclipseLogger - Using platform encoding (UTF-8 actually) to copy filtered resources, i.e. build is platform dependent!
2018-07-17 11:28:08,278 [Worker-14: Building workspace] INFO  o.e.m.c.i.embedder.EclipseLogger - Copying 0 resource
2018-07-17 11:28:15,780 [Worker-6: Launching Executing test in _Users_shahgeorge_eclipse-workspace_MavenDemo] INFO  o.e.m.i.launch.MavenLaunchDelegate - /Users/shahgeorge/eclipse-workspace/MavenDemo
2018-07-17 11:28:15,781 [Worker-6: Launching Executing test in _Users_shahgeorge_eclipse-workspace_MavenDemo] INFO  o.e.m.i.launch.MavenLaunchDelegate -  mvn -B test
2018-07-17 11:28:28,217 [Worker-11: Building workspace] WARN  o.e.m.c.i.embedder.EclipseLogger - Using platform encoding (UTF-8 actually) to copy filtered resources, i.e. build is platform dependent!
2018-07-17 11:28:28,235 [Worker-11: Building workspace] INFO  o.e.m.c.i.embedder.EclipseLogger - Copying 0 resource
2018-07-17 11:28:28,238 [Worker-11: Building workspace] WARN  o.e.m.c.i.embedder.EclipseLogger - Using platform encoding (UTF-8 actually) to copy filtered resources, i.e. build is platform dependent!
2018-07-17 11:28:28,240 [Worker-11: Building workspace] INFO  o.e.m.c.i.embedder.EclipseLogger - Copying 0 resource
2018-07-17 11:28:47,610 [main] INFO  o.e.m2e.actions.ExecutePomAction - Creating new launch configuration
2018-07-17 11:28:54,190 [Worker-9: Launching MavenDemo] INFO  o.e.m.i.launch.MavenLaunchDelegate - /Users/shahgeorge/eclipse-workspace/MavenDemo
2018-07-17 11:28:54,194 [Worker-9: Launching MavenDemo] INFO  o.e.m.i.launch.MavenLaunchDelegate -  mvn -B clean build
2018-07-17 11:29:08,307 [main] INFO  o.e.m2e.actions.ExecutePomAction - Using existing launch configuration
2018-07-17 11:29:08,409 [Worker-13: Launching MavenDemo] INFO  o.e.m.i.launch.MavenLaunchDelegate - /Users/shahgeorge/eclipse-workspace/MavenDemo
2018-07-17 11:29:08,409 [Worker-13: Launching MavenDemo] INFO  o.e.m.i.launch.MavenLaunchDelegate -  mvn -B clean build
2018-07-17 11:29:17,861 [main] INFO  o.e.m.c.i.l.LifecycleMappingFactory - Using org.eclipse.m2e.jdt.JarLifecycleMapping lifecycle mapping for MavenProject: MavenDemo:MavenDemo:0.0.1-SNAPSHOT @ /Users/shahgeorge/eclipse-workspace/MavenDemo/pom.xml.
2018-07-17 11:29:52,994 [Worker-2: Launching MavenDemo] INFO  o.e.m.i.launch.MavenLaunchDelegate - /Users/shahgeorge/eclipse-workspace/MavenDemo
2018-07-17 11:29:52,995 [Worker-2: Launching MavenDemo] INFO  o.e.m.i.launch.MavenLaunchDelegate -  mvn -B clean compile
2018-07-17 11:30:03,410 [Worker-14: Launching Executing test in _Users_shahgeorge_eclipse-workspace_MavenDemo] INFO  o.e.m.i.launch.MavenLaunchDelegate - /Users/shahgeorge/eclipse-workspace/MavenDemo
2018-07-17 11:30:03,411 [Worker-14: Launching Executing test in _Users_shahgeorge_eclipse-workspace_MavenDemo] INFO  o.e.m.i.launch.MavenLaunchDelegate -  mvn -B test
2018-07-17 11:30:09,335 [Worker-0: Building workspace] WARN  o.e.m.c.i.embedder.EclipseLogger - Using platform encoding (UTF-8 actually) to copy filtered resources, i.e. build is platform dependent!
2018-07-17 11:30:09,359 [Worker-0: Building workspace] INFO  o.e.m.c.i.embedder.EclipseLogger - Copying 0 resource
2018-07-17 11:30:09,360 [Worker-0: Building workspace] WARN  o.e.m.c.i.embedder.EclipseLogger - Using platform encoding (UTF-8 actually) to copy filtered resources, i.e. build is platform dependent!
2018-07-17 11:30:09,362 [Worker-0: Building workspace] INFO  o.e.m.c.i.embedder.EclipseLogger - Copying 0 resource
2018-07-17 11:30:42,111 [Worker-10: Building workspace] WARN  o.e.m.c.i.embedder.EclipseLogger - Using platform encoding (UTF-8 actually) to copy filtered resources, i.e. build is platform dependent!
2018-07-17 11:30:42,113 [Worker-10: Building workspace] INFO  o.e.m.c.i.embedder.EclipseLogger - Copying 0 resource
2018-07-17 11:30:42,115 [Worker-10: Building workspace] WARN  o.e.m.c.i.embedder.EclipseLogger - Using platform encoding (UTF-8 actually) to copy filtered resources, i.e. build is platform dependent!
2018-07-17 11:30:42,117 [Worker-10: Building workspace] INFO  o.e.m.c.i.embedder.EclipseLogger - Copying 0 resource
2018-07-17 11:30:47,430 [Worker-13: Launching Executing test in _Users_shahgeorge_eclipse-workspace_MavenDemo] INFO  o.e.m.i.launch.MavenLaunchDelegate - /Users/shahgeorge/eclipse-workspace/MavenDemo
2018-07-17 11:30:47,431 [Worker-13: Launching Executing test in _Users_shahgeorge_eclipse-workspace_MavenDemo] INFO  o.e.m.i.launch.MavenLaunchDelegate -  mvn -B test
2018-07-17 11:30:51,842 [Worker-3: Building workspace] WARN  o.e.m.c.i.embedder.EclipseLogger - Using platform encoding (UTF-8 actually) to copy filtered resources, i.e. build is platform dependent!
2018-07-17 11:30:51,844 [Worker-3: Building workspace] INFO  o.e.m.c.i.embedder.EclipseLogger - Copying 0 resource
2018-07-17 11:30:51,845 [Worker-3: Building workspace] WARN  o.e.m.c.i.embedder.EclipseLogger - Using platform encoding (UTF-8 actually) to copy filtered resources, i.e. build is platform dependent!
2018-07-17 11:30:51,847 [Worker-3: Building workspace] INFO  o.e.m.c.i.embedder.EclipseLogger - Copying 0 resource
2018-07-17 13:08:57,203 [Worker-15: Launching Executing generate-sources in _Users_shahgeorge_eclipse-workspace_MavenDemo] INFO  o.e.m.i.launch.MavenLaunchDelegate - /Users/shahgeorge/eclipse-workspace/MavenDemo
2018-07-17 13:08:57,204 [Worker-15: Launching Executing generate-sources in _Users_shahgeorge_eclipse-workspace_MavenDemo] INFO  o.e.m.i.launch.MavenLaunchDelegate -  mvn -B generate-sources
2018-07-17 13:59:43,329 [Worker-11: Building workspace] WARN  o.e.m.c.i.embedder.EclipseLogger - Using platform encoding (UTF-8 actually) to copy filtered resources, i.e. build is platform dependent!
2018-07-17 13:59:43,359 [Worker-11: Building workspace] INFO  o.e.m.c.i.embedder.EclipseLogger - Copying 1 resource
2018-07-17 13:59:43,374 [Worker-11: Building workspace] WARN  o.e.m.c.i.embedder.EclipseLogger - Using platform encoding (UTF-8 actually) to copy filtered resources, i.e. build is platform dependent!
2018-07-17 13:59:43,375 [Worker-11: Building workspace] INFO  o.e.m.c.i.embedder.EclipseLogger - Copying 0 resource
2018-07-17 14:03:48,785 [Worker-9: Building workspace] WARN  o.e.m.c.i.embedder.EclipseLogger - Using platform encoding (UTF-8 actually) to copy filtered resources, i.e. build is platform dependent!
2018-07-17 14:03:48,849 [Worker-9: Building workspace] INFO  o.e.m.c.i.embedder.EclipseLogger - Copying 1 resource
2018-07-17 14:03:48,853 [Worker-9: Building workspace] WARN  o.e.m.c.i.embedder.EclipseLogger - Using platform encoding (UTF-8 actually) to copy filtered resources, i.e. build is platform dependent!
2018-07-17 14:03:48,855 [Worker-9: Building workspace] INFO  o.e.m.c.i.embedder.EclipseLogger - Copying 0 resource
2018-07-17 14:04:12,274 [Worker-9: Building workspace] WARN  o.e.m.c.i.embedder.EclipseLogger - Using platform encoding (UTF-8 actually) to copy filtered resources, i.e. build is platform dependent!
2018-07-17 14:04:12,288 [Worker-9: Building workspace] INFO  o.e.m.c.i.embedder.EclipseLogger - Copying 0 resource
2018-07-17 14:04:12,290 [Worker-9: Building workspace] WARN  o.e.m.c.i.embedder.EclipseLogger - Using platform encoding (UTF-8 actually) to copy filtered resources, i.e. build is platform dependent!
2018-07-17 14:04:12,292 [Worker-9: Building workspace] INFO  o.e.m.c.i.embedder.EclipseLogger - Copying 0 resource
2018-07-17 14:04:18,129 [Worker-9: Building workspace] WARN  o.e.m.c.i.embedder.EclipseLogger - Using platform encoding (UTF-8 actually) to copy filtered resources, i.e. build is platform dependent!
2018-07-17 14:04:18,130 [Worker-9: Building workspace] INFO  o.e.m.c.i.embedder.EclipseLogger - Copying 0 resource
2018-07-17 14:04:18,131 [Worker-9: Building workspace] WARN  o.e.m.c.i.embedder.EclipseLogger - Using platform encoding (UTF-8 actually) to copy filtered resources, i.e. build is platform dependent!
2018-07-17 14:04:18,133 [Worker-9: Building workspace] INFO  o.e.m.c.i.embedder.EclipseLogger - Copying 0 resource
2018-07-17 14:11:15,508 [Worker-11: Building workspace] INFO  o.e.m.c.i.e.AbstractTransferListenerAdapter - Downloading https://repo.maven.apache.org/maven2/org/apache/maven/plugins/maven-source-plugin/maven-metadata.xml
2018-07-17 14:11:15,563 [Worker-11: Building workspace] INFO  o.e.m.c.i.e.AbstractTransferListenerAdapter - Downloaded https://repo.maven.apache.org/maven2/org/apache/maven/plugins/maven-source-plugin/maven-metadata.xml
2018-07-17 14:11:15,619 [Worker-11: Building workspace] INFO  o.e.m.c.i.e.AbstractTransferListenerAdapter - Downloading https://repo.maven.apache.org/maven2/org/apache/maven/plugins/maven-source-plugin/3.0.1/maven-source-plugin-3.0.1.pom
2018-07-17 14:11:15,676 [Worker-11: Building workspace] INFO  o.e.m.c.i.e.AbstractTransferListenerAdapter - Downloaded https://repo.maven.apache.org/maven2/org/apache/maven/plugins/maven-source-plugin/3.0.1/maven-source-plugin-3.0.1.pom
2018-07-17 14:11:15,797 [Worker-11: Building workspace] INFO  o.e.m.c.i.e.AbstractTransferListenerAdapter - Downloading https://repo.maven.apache.org/maven2/org/apache/maven/plugins/maven-source-plugin/3.0.1/maven-source-plugin-3.0.1.jar
2018-07-17 14:11:15,991 [Worker-11: Building workspace] INFO  o.e.m.c.i.e.AbstractTransferListenerAdapter - Downloaded https://repo.maven.apache.org/maven2/org/apache/maven/plugins/maven-source-plugin/3.0.1/maven-source-plugin-3.0.1.jar
2018-07-17 14:11:16,444 [Worker-11: Building workspace] INFO  o.e.m.c.i.e.AbstractTransferListenerAdapter - Downloading https://repo.maven.apache.org/maven2/org/apache/maven/plugins/maven-surefire-plugin/2.19.1/maven-surefire-plugin-2.19.1.jar
2018-07-17 14:11:16,636 [Worker-11: Building workspace] INFO  o.e.m.c.i.e.AbstractTransferListenerAdapter - Downloaded https://repo.maven.apache.org/maven2/org/apache/maven/plugins/maven-surefire-plugin/2.19.1/maven-surefire-plugin-2.19.1.jar
2018-07-17 14:11:17,863 [Worker-11: Building workspace] INFO  o.e.m.c.i.l.LifecycleMappingFactory - Using org.eclipse.m2e.jdt.JarLifecycleMapping lifecycle mapping for MavenProject: MavenDemo:MavenDemo:0.0.1-SNAPSHOT @ /Users/shahgeorge/eclipse-workspace/MavenDemo/pom.xml.
2018-07-17 14:11:18,741 [Worker-11: Building workspace] WARN  o.e.m.c.i.embedder.EclipseLogger - File encoding has not been set, using platform encoding UTF-8, i.e. build is platform dependent!
2018-07-17 14:11:18,759 [Worker-11: Building workspace] WARN  o.e.m.c.i.embedder.EclipseLogger - Using platform encoding (UTF-8 actually) to copy filtered resources, i.e. build is platform dependent!
2018-07-17 14:11:18,762 [Worker-11: Building workspace] INFO  o.e.m.c.i.embedder.EclipseLogger - Copying 0 resource
2018-07-17 14:11:18,764 [Worker-11: Building workspace] WARN  o.e.m.c.i.embedder.EclipseLogger - Using platform encoding (UTF-8 actually) to copy filtered resources, i.e. build is platform dependent!
2018-07-17 14:11:18,765 [Worker-11: Building workspace] INFO  o.e.m.c.i.embedder.EclipseLogger - Copying 0 resource
2018-07-17 14:12:37,074 [Worker-21: Launching Executing test in _Users_shahgeorge_eclipse-workspace_MavenDemo] INFO  o.e.m.i.launch.MavenLaunchDelegate - /Users/shahgeorge/eclipse-workspace/MavenDemo
2018-07-17 14:12:37,077 [Worker-21: Launching Executing test in _Users_shahgeorge_eclipse-workspace_MavenDemo] INFO  o.e.m.i.launch.MavenLaunchDelegate -  mvn -B test
2018-07-17 14:12:40,341 [Worker-9: Building workspace] WARN  o.e.m.c.i.embedder.EclipseLogger - File encoding has not been set, using platform encoding UTF-8, i.e. build is platform dependent!
2018-07-17 14:12:40,354 [Worker-9: Building workspace] WARN  o.e.m.c.i.embedder.EclipseLogger - Using platform encoding (UTF-8 actually) to copy filtered resources, i.e. build is platform dependent!
2018-07-17 14:12:40,356 [Worker-9: Building workspace] INFO  o.e.m.c.i.embedder.EclipseLogger - Copying 1 resource
2018-07-17 14:12:40,374 [Worker-9: Building workspace] WARN  o.e.m.c.i.embedder.EclipseLogger - Using platform encoding (UTF-8 actually) to copy filtered resources, i.e. build is platform dependent!
2018-07-17 14:12:40,376 [Worker-9: Building workspace] INFO  o.e.m.c.i.embedder.EclipseLogger - Copying 0 resource
2018-07-17 14:13:01,684 [Worker-9: Launching Executing clean in _Users_shahgeorge_eclipse-workspace_MavenDemo] INFO  o.e.m.i.launch.MavenLaunchDelegate - /Users/shahgeorge/eclipse-workspace/MavenDemo
2018-07-17 14:13:01,685 [Worker-9: Launching Executing clean in _Users_shahgeorge_eclipse-workspace_MavenDemo] INFO  o.e.m.i.launch.MavenLaunchDelegate -  mvn -B clean
2018-07-17 14:13:03,849 [Worker-22: Building workspace] WARN  o.e.m.c.i.embedder.EclipseLogger - File encoding has not been set, using platform encoding UTF-8, i.e. build is platform dependent!
2018-07-17 14:13:03,862 [Worker-22: Building workspace] WARN  o.e.m.c.i.embedder.EclipseLogger - Using platform encoding (UTF-8 actually) to copy filtered resources, i.e. build is platform dependent!
2018-07-17 14:13:03,864 [Worker-22: Building workspace] INFO  o.e.m.c.i.embedder.EclipseLogger - Copying 1 resource
2018-07-17 14:13:03,867 [Worker-22: Building workspace] WARN  o.e.m.c.i.embedder.EclipseLogger - Using platform encoding (UTF-8 actually) to copy filtered resources, i.e. build is platform dependent!
2018-07-17 14:13:03,869 [Worker-22: Building workspace] INFO  o.e.m.c.i.embedder.EclipseLogger - Copying 0 resource
2018-07-17 14:18:23,170 [Worker-22: Building workspace] INFO  o.e.m.c.i.l.LifecycleMappingFactory - Using org.eclipse.m2e.jdt.JarLifecycleMapping lifecycle mapping for MavenProject: MavenDemo:MavenDemo:0.0.1-SNAPSHOT @ /Users/shahgeorge/eclipse-workspace/MavenDemo/pom.xml.
2018-07-17 14:18:28,939 [Worker-22: Building workspace] WARN  o.e.m.c.i.embedder.EclipseLogger - File encoding has not been set, using platform encoding UTF-8, i.e. build is platform dependent!
2018-07-17 14:18:28,960 [Worker-22: Building workspace] WARN  o.e.m.c.i.embedder.EclipseLogger - Using platform encoding (UTF-8 actually) to copy filtered resources, i.e. build is platform dependent!
2018-07-17 14:18:28,962 [Worker-22: Building workspace] INFO  o.e.m.c.i.embedder.EclipseLogger - Copying 0 resource
2018-07-17 14:18:28,965 [Worker-22: Building workspace] WARN  o.e.m.c.i.embedder.EclipseLogger - Using platform encoding (UTF-8 actually) to copy filtered resources, i.e. build is platform dependent!
2018-07-17 14:18:28,966 [Worker-22: Building workspace] INFO  o.e.m.c.i.embedder.EclipseLogger - Copying 0 resource
2018-07-17 14:18:36,991 [main] INFO  o.e.m2e.actions.ExecutePomAction - Using existing launch configuration
2018-07-17 14:18:46,068 [Worker-9: Launching MavenDemo] INFO  o.e.m.i.launch.MavenLaunchDelegate - /Users/shahgeorge/eclipse-workspace/MavenDemo
2018-07-17 14:18:46,068 [Worker-9: Launching MavenDemo] INFO  o.e.m.i.launch.MavenLaunchDelegate -  mvn -B clean compile
2018-07-17 14:18:51,352 [Worker-22: Building workspace] WARN  o.e.m.c.i.embedder.EclipseLogger - File encoding has not been set, using platform encoding UTF-8, i.e. build is platform dependent!
2018-07-17 14:18:51,385 [Worker-22: Building workspace] WARN  o.e.m.c.i.embedder.EclipseLogger - Using platform encoding (UTF-8 actually) to copy filtered resources, i.e. build is platform dependent!
2018-07-17 14:18:51,391 [Worker-22: Building workspace] INFO  o.e.m.c.i.embedder.EclipseLogger - Copying 0 resource
2018-07-17 14:18:51,393 [Worker-22: Building workspace] WARN  o.e.m.c.i.embedder.EclipseLogger - Using platform encoding (UTF-8 actually) to copy filtered resources, i.e. build is platform dependent!
2018-07-17 14:18:51,397 [Worker-22: Building workspace] INFO  o.e.m.c.i.embedder.EclipseLogger - Copying 0 resource
2018-07-17 14:19:06,853 [Worker-24: Launching Executing test in _Users_shahgeorge_eclipse-workspace_MavenDemo] INFO  o.e.m.i.launch.MavenLaunchDelegate - /Users/shahgeorge/eclipse-workspace/MavenDemo
2018-07-17 14:19:06,853 [Worker-24: Launching Executing test in _Users_shahgeorge_eclipse-workspace_MavenDemo] INFO  o.e.m.i.launch.MavenLaunchDelegate -  mvn -B test
2018-07-17 14:19:23,664 [Worker-24: Building workspace] WARN  o.e.m.c.i.embedder.EclipseLogger - File encoding has not been set, using platform encoding UTF-8, i.e. build is platform dependent!
2018-07-17 14:19:23,678 [Worker-24: Building workspace] WARN  o.e.m.c.i.embedder.EclipseLogger - Using platform encoding (UTF-8 actually) to copy filtered resources, i.e. build is platform dependent!
2018-07-17 14:19:23,679 [Worker-24: Building workspace] INFO  o.e.m.c.i.embedder.EclipseLogger - Copying 1 resource
2018-07-17 14:19:23,695 [Worker-24: Building workspace] WARN  o.e.m.c.i.embedder.EclipseLogger - Using platform encoding (UTF-8 actually) to copy filtered resources, i.e. build is platform dependent!
2018-07-17 14:19:23,697 [Worker-24: Building workspace] INFO  o.e.m.c.i.embedder.EclipseLogger - Copying 0 resource
